[0.107s] DEBUG:colcon:Command line arguments: ['/usr/bin/colcon', 'build', '--symlink-install']
[0.107s] DEBUG:colcon:Parsed command line arguments: Namespace(log_base=None, log_level=None, verb_name='build', build_base='build', install_base='install', merge_install=False, symlink_install=True, test_result_base=None, continue_on_error=False, executor='parallel', parallel_workers=4, event_handlers=None, ignore_user_meta=False, metas=['./colcon.meta'], base_paths=['.'], packages_ignore=None, packages_ignore_regex=None, paths=None, packages_up_to=None, packages_up_to_regex=None, packages_above=None, packages_above_and_dependencies=None, packages_above_depth=None, packages_select_by_dep=None, packages_skip_by_dep=None, packages_skip_up_to=None, packages_select_build_failed=False, packages_skip_build_finished=False, packages_select_test_failures=False, packages_skip_test_passed=False, packages_select=None, packages_skip=None, packages_select_regex=None, packages_skip_regex=None, packages_start=None, packages_end=None, cmake_args=None, cmake_target=None, cmake_target_skip_unavailable=False, cmake_clean_cache=False, cmake_clean_first=False, cmake_force_configure=False, ament_cmake_args=None, catkin_cmake_args=None, catkin_skip_building_tests=False, mixin_files=None, mixin=None, verb_parser=<colcon_mixin.mixin.mixin_argument.MixinArgumentDecorator object at 0x7aba4da63910>, verb_extension=<colcon_core.verb.build.BuildVerb object at 0x7aba4da626e0>, main=<bound method BuildVerb.main of <colcon_core.verb.build.BuildVerb object at 0x7aba4da626e0>>, mixin_verb=('build',))
[0.332s] Level 1:colcon.colcon_core.package_discovery:discover_packages(colcon_meta) check parameters
[0.333s] INFO:colcon.colcon_metadata.package_discovery.colcon_meta:Using configuration from '/root/.colcon/metadata/default/Gazebo.meta'
[0.333s] INFO:colcon.colcon_metadata.package_discovery.colcon_meta:Using configuration from '/root/.colcon/metadata/default/fastdds.meta'
[0.334s] INFO:colcon.colcon_metadata.package_discovery.colcon_meta:Using configuration from '/root/.colcon/metadata/default/fastrtps.meta'
[0.334s] Level 1:colcon.colcon_core.package_discovery:discover_packages(recursive) check parameters
[0.334s] Level 1:colcon.colcon_core.package_discovery:discover_packages(ignore) check parameters
[0.334s] Level 1:colcon.colcon_core.package_discovery:discover_packages(path) check parameters
[0.334s] Level 1:colcon.colcon_core.package_discovery:discover_packages(colcon_meta) discover
[0.334s] Level 1:colcon.colcon_core.package_discovery:discover_packages(recursive) discover
[0.334s] INFO:colcon.colcon_core.package_discovery:Crawling recursively for packages in '/root/ur_ws'
[0.334s] Level 1:colcon.colcon_core.package_identification:_identify(.) by extensions ['ignore', 'ignore_ament_install']
[0.334s] Level 1:colcon.colcon_core.package_identification:_identify(.) by extension 'ignore'
[0.334s] Level 1:colcon.colcon_core.package_identification:_identify(.) by extension 'ignore_ament_install'
[0.334s] Level 1:colcon.colcon_core.package_identification:_identify(.) by extensions ['colcon_pkg']
[0.334s] Level 1:colcon.colcon_core.package_identification:_identify(.) by extension 'colcon_pkg'
[0.334s] Level 1:colcon.colcon_core.package_identification:_identify(.) by extensions ['colcon_meta']
[0.334s] Level 1:colcon.colcon_core.package_identification:_identify(.) by extension 'colcon_meta'
[0.334s] Level 1:colcon.colcon_core.package_identification:_identify(.) by extensions ['ros']
[0.334s] Level 1:colcon.colcon_core.package_identification:_identify(.) by extension 'ros'
[0.340s] Level 1:colcon.colcon_core.package_identification:_identify(.) by extensions ['cmake', 'python']
[0.340s] Level 1:colcon.colcon_core.package_identification:_identify(.) by extension 'cmake'
[0.340s] Level 1:colcon.colcon_core.package_identification:_identify(.) by extension 'python'
[0.340s] Level 1:colcon.colcon_core.package_identification:_identify(.) by extensions ['python_setup_py']
[0.340s] Level 1:colcon.colcon_core.package_identification:_identify(.) by extension 'python_setup_py'
[0.340s] Level 1:colcon.colcon_core.package_identification:_identify(build) by extensions ['ignore', 'ignore_ament_install']
[0.340s] Level 1:colcon.colcon_core.package_identification:_identify(build) by extension 'ignore'
[0.340s] Level 1:colcon.colcon_core.package_identification:_identify(build) ignored
[0.340s] Level 1:colcon.colcon_core.package_identification:_identify(install) by extensions ['ignore', 'ignore_ament_install']
[0.340s] Level 1:colcon.colcon_core.package_identification:_identify(install) by extension 'ignore'
[0.340s] Level 1:colcon.colcon_core.package_identification:_identify(install) ignored
[0.340s] Level 1:colcon.colcon_core.package_identification:_identify(log) by extensions ['ignore', 'ignore_ament_install']
[0.340s] Level 1:colcon.colcon_core.package_identification:_identify(log) by extension 'ignore'
[0.340s] Level 1:colcon.colcon_core.package_identification:_identify(log) ignored
[0.341s] Level 1:colcon.colcon_core.package_identification:_identify(src) by extensions ['ignore', 'ignore_ament_install']
[0.341s] Level 1:colcon.colcon_core.package_identification:_identify(src) by extension 'ignore'
[0.341s] Level 1:colcon.colcon_core.package_identification:_identify(src) by extension 'ignore_ament_install'
[0.341s] Level 1:colcon.colcon_core.package_identification:_identify(src) by extensions ['colcon_pkg']
[0.341s] Level 1:colcon.colcon_core.package_identification:_identify(src) by extension 'colcon_pkg'
[0.341s] Level 1:colcon.colcon_core.package_identification:_identify(src) by extensions ['colcon_meta']
[0.341s] Level 1:colcon.colcon_core.package_identification:_identify(src) by extension 'colcon_meta'
[0.341s] Level 1:colcon.colcon_core.package_identification:_identify(src) by extensions ['ros']
[0.341s] Level 1:colcon.colcon_core.package_identification:_identify(src) by extension 'ros'
[0.341s] Level 1:colcon.colcon_core.package_identification:_identify(src) by extensions ['cmake', 'python']
[0.341s] Level 1:colcon.colcon_core.package_identification:_identify(src) by extension 'cmake'
[0.341s] Level 1:colcon.colcon_core.package_identification:_identify(src) by extension 'python'
[0.341s] Level 1:colcon.colcon_core.package_identification:_identify(src) by extensions ['python_setup_py']
[0.341s] Level 1:colcon.colcon_core.package_identification:_identify(src) by extension 'python_setup_py'
[0.341s] Level 1:colcon.colcon_core.package_identification:_identify(src/Universal_Robots_ROS2_Description) by extensions ['ignore', 'ignore_ament_install']
[0.341s] Level 1:colcon.colcon_core.package_identification:_identify(src/Universal_Robots_ROS2_Description) by extension 'ignore'
[0.341s] Level 1:colcon.colcon_core.package_identification:_identify(src/Universal_Robots_ROS2_Description) by extension 'ignore_ament_install'
[0.341s] Level 1:colcon.colcon_core.package_identification:_identify(src/Universal_Robots_ROS2_Description) by extensions ['colcon_pkg']
[0.341s] Level 1:colcon.colcon_core.package_identification:_identify(src/Universal_Robots_ROS2_Description) by extension 'colcon_pkg'
[0.341s] Level 1:colcon.colcon_core.package_identification:_identify(src/Universal_Robots_ROS2_Description) by extensions ['colcon_meta']
[0.341s] Level 1:colcon.colcon_core.package_identification:_identify(src/Universal_Robots_ROS2_Description) by extension 'colcon_meta'
[0.342s] Level 1:colcon.colcon_core.package_identification:_identify(src/Universal_Robots_ROS2_Description) by extensions ['ros']
[0.342s] Level 1:colcon.colcon_core.package_identification:_identify(src/Universal_Robots_ROS2_Description) by extension 'ros'
[0.343s] DEBUG:colcon.colcon_core.package_identification:Package 'src/Universal_Robots_ROS2_Description' with type 'ros.ament_cmake' and name 'ur_description'
[0.343s] Level 1:colcon.colcon_core.package_identification:_identify(src/ibvs_ur5) by extensions ['ignore', 'ignore_ament_install']
[0.343s] Level 1:colcon.colcon_core.package_identification:_identify(src/ibvs_ur5) by extension 'ignore'
[0.343s] Level 1:colcon.colcon_core.package_identification:_identify(src/ibvs_ur5) by extension 'ignore_ament_install'
[0.343s] Level 1:colcon.colcon_core.package_identification:_identify(src/ibvs_ur5) by extensions ['colcon_pkg']
[0.343s] Level 1:colcon.colcon_core.package_identification:_identify(src/ibvs_ur5) by extension 'colcon_pkg'
[0.343s] Level 1:colcon.colcon_core.package_identification:_identify(src/ibvs_ur5) by extensions ['colcon_meta']
[0.343s] Level 1:colcon.colcon_core.package_identification:_identify(src/ibvs_ur5) by extension 'colcon_meta'
[0.343s] Level 1:colcon.colcon_core.package_identification:_identify(src/ibvs_ur5) by extensions ['ros']
[0.344s] Level 1:colcon.colcon_core.package_identification:_identify(src/ibvs_ur5) by extension 'ros'
[0.344s] DEBUG:colcon.colcon_core.package_identification:Package 'src/ibvs_ur5' with type 'ros.ament_cmake' and name 'ibvs_ur5'
[0.344s] Level 1:colcon.colcon_core.package_discovery:discover_packages(recursive) using defaults
[0.344s] Level 1:colcon.colcon_core.package_discovery:discover_packages(ignore) discover
[0.344s] Level 1:colcon.colcon_core.package_discovery:discover_packages(ignore) using defaults
[0.344s] Level 1:colcon.colcon_core.package_discovery:discover_packages(path) discover
[0.344s] Level 1:colcon.colcon_core.package_discovery:discover_packages(path) using defaults
[0.364s] Level 5:colcon.colcon_core.verb:set package 'ibvs_ur5' build argument 'cmake_args' from command line to 'None'
[0.364s] Level 5:colcon.colcon_core.verb:set package 'ibvs_ur5' build argument 'cmake_target' from command line to 'None'
[0.364s] Level 5:colcon.colcon_core.verb:set package 'ibvs_ur5' build argument 'cmake_target_skip_unavailable' from command line to 'False'
[0.364s] Level 5:colcon.colcon_core.verb:set package 'ibvs_ur5' build argument 'cmake_clean_cache' from command line to 'False'
[0.364s] Level 5:colcon.colcon_core.verb:set package 'ibvs_ur5' build argument 'cmake_clean_first' from command line to 'False'
[0.364s] Level 5:colcon.colcon_core.verb:set package 'ibvs_ur5' build argument 'cmake_force_configure' from command line to 'False'
[0.364s] Level 5:colcon.colcon_core.verb:set package 'ibvs_ur5' build argument 'ament_cmake_args' from command line to 'None'
[0.364s] Level 5:colcon.colcon_core.verb:set package 'ibvs_ur5' build argument 'catkin_cmake_args' from command line to 'None'
[0.364s] Level 5:colcon.colcon_core.verb:set package 'ibvs_ur5' build argument 'catkin_skip_building_tests' from command line to 'False'
[0.364s] DEBUG:colcon.colcon_core.verb:Building package 'ibvs_ur5' with the following arguments: {'ament_cmake_args': None, 'build_base': '/root/ur_ws/build/ibvs_ur5', 'catkin_cmake_args': None, 'catkin_skip_building_tests': False, 'cmake_args': None, 'cmake_clean_cache': False, 'cmake_clean_first': False, 'cmake_force_configure': False, 'cmake_target': None, 'cmake_target_skip_unavailable': False, 'install_base': '/root/ur_ws/install/ibvs_ur5', 'merge_install': False, 'path': '/root/ur_ws/src/ibvs_ur5', 'symlink_install': True, 'test_result_base': None}
[0.364s] Level 5:colcon.colcon_core.verb:set package 'ur_description' build argument 'cmake_args' from command line to 'None'
[0.364s] Level 5:colcon.colcon_core.verb:set package 'ur_description' build argument 'cmake_target' from command line to 'None'
[0.364s] Level 5:colcon.colcon_core.verb:set package 'ur_description' build argument 'cmake_target_skip_unavailable' from command line to 'False'
[0.364s] Level 5:colcon.colcon_core.verb:set package 'ur_description' build argument 'cmake_clean_cache' from command line to 'False'
[0.364s] Level 5:colcon.colcon_core.verb:set package 'ur_description' build argument 'cmake_clean_first' from command line to 'False'
[0.364s] Level 5:colcon.colcon_core.verb:set package 'ur_description' build argument 'cmake_force_configure' from command line to 'False'
[0.364s] Level 5:colcon.colcon_core.verb:set package 'ur_description' build argument 'ament_cmake_args' from command line to 'None'
[0.364s] Level 5:colcon.colcon_core.verb:set package 'ur_description' build argument 'catkin_cmake_args' from command line to 'None'
[0.364s] Level 5:colcon.colcon_core.verb:set package 'ur_description' build argument 'catkin_skip_building_tests' from command line to 'False'
[0.364s] DEBUG:colcon.colcon_core.verb:Building package 'ur_description' with the following arguments: {'ament_cmake_args': None, 'build_base': '/root/ur_ws/build/ur_description', 'catkin_cmake_args': None, 'catkin_skip_building_tests': False, 'cmake_args': None, 'cmake_clean_cache': False, 'cmake_clean_first': False, 'cmake_force_configure': False, 'cmake_target': None, 'cmake_target_skip_unavailable': False, 'install_base': '/root/ur_ws/install/ur_description', 'merge_install': False, 'path': '/root/ur_ws/src/Universal_Robots_ROS2_Description', 'symlink_install': True, 'test_result_base': None}
[0.364s] INFO:colcon.colcon_core.executor:Executing jobs using 'parallel' executor
[0.365s] DEBUG:colcon.colcon_parallel_executor.executor.parallel:run_until_complete
[0.365s] INFO:colcon.colcon_ros.task.ament_cmake.build:Building ROS package in '/root/ur_ws/src/ibvs_ur5' with build type 'ament_cmake'
[0.365s] INFO:colcon.colcon_cmake.task.cmake.build:Building CMake package in '/root/ur_ws/src/ibvs_ur5'
[0.370s] INFO:colcon.colcon_core.plugin_system:Skipping extension 'colcon_core.shell.bat': Not used on non-Windows systems
[0.370s] INFO:colcon.colcon_core.shell:Skip shell extension 'powershell' for command environment: Not usable outside of PowerShell
[0.370s] DEBUG:colcon.colcon_core.shell:Skip shell extension 'dsv' for command environment
[0.372s] WARNING:colcon.colcon_ros.prefix_path.ament:The path '/root/ur_ws/install/ur_description' in the environment variable AMENT_PREFIX_PATH doesn't exist
[0.372s] WARNING:colcon.colcon_ros.prefix_path.ament:The path '/root/ur_ws/install/ibvs_ur5' in the environment variable AMENT_PREFIX_PATH doesn't exist
[0.372s] WARNING:colcon.colcon_ros.prefix_path.catkin:The path '/root/ur_ws/install/ur_description' in the environment variable CMAKE_PREFIX_PATH doesn't exist
[0.372s] WARNING:colcon.colcon_ros.prefix_path.catkin:The path '/root/ur_ws/install/ibvs_ur5' in the environment variable CMAKE_PREFIX_PATH doesn't exist
[0.375s] INFO:colcon.colcon_ros.task.ament_cmake.build:Building ROS package in '/root/ur_ws/src/Universal_Robots_ROS2_Description' with build type 'ament_cmake'
[0.375s] INFO:colcon.colcon_cmake.task.cmake.build:Building CMake package in '/root/ur_ws/src/Universal_Robots_ROS2_Description'
[0.376s] INFO:colcon.colcon_core.shell:Skip shell extension 'powershell' for command environment: Not usable outside of PowerShell
[0.376s] DEBUG:colcon.colcon_core.shell:Skip shell extension 'dsv' for command environment
[0.384s] DEBUG:colcon.colcon_core.event_handler.log_command:Invoking command in '/root/ur_ws/build/ibvs_ur5': CMAKE_PREFIX_PATH=${CMAKE_PREFIX_PATH}:/opt/ros/humble /usr/bin/cmake /root/ur_ws/src/ibvs_ur5 -DAMENT_CMAKE_SYMLINK_INSTALL=1 -DCMAKE_INSTALL_PREFIX=/root/ur_ws/install/ibvs_ur5
[0.386s] DEBUG:colcon.colcon_core.event_handler.log_command:Invoking command in '/root/ur_ws/build/ur_description': CMAKE_PREFIX_PATH=${CMAKE_PREFIX_PATH}:/opt/ros/humble /usr/bin/cmake /root/ur_ws/src/Universal_Robots_ROS2_Description -DAMENT_CMAKE_SYMLINK_INSTALL=1 -DCMAKE_INSTALL_PREFIX=/root/ur_ws/install/ur_description
[1.258s] DEBUG:colcon.colcon_core.event_handler.log_command:Invoked command in '/root/ur_ws/build/ur_description' returned '0': CMAKE_PREFIX_PATH=${CMAKE_PREFIX_PATH}:/opt/ros/humble /usr/bin/cmake /root/ur_ws/src/Universal_Robots_ROS2_Description -DAMENT_CMAKE_SYMLINK_INSTALL=1 -DCMAKE_INSTALL_PREFIX=/root/ur_ws/install/ur_description
[1.259s] DEBUG:colcon.colcon_core.event_handler.log_command:Invoking command in '/root/ur_ws/build/ur_description': CMAKE_PREFIX_PATH=${CMAKE_PREFIX_PATH}:/opt/ros/humble /usr/bin/cmake --build /root/ur_ws/build/ur_description -- -j4 -l4
[1.281s] DEBUG:colcon.colcon_core.event_handler.log_command:Invoked command in '/root/ur_ws/build/ur_description' returned '0': CMAKE_PREFIX_PATH=${CMAKE_PREFIX_PATH}:/opt/ros/humble /usr/bin/cmake --build /root/ur_ws/build/ur_description -- -j4 -l4
[1.286s] DEBUG:colcon.colcon_core.event_handler.log_command:Invoking command in '/root/ur_ws/build/ur_description': CMAKE_PREFIX_PATH=${CMAKE_PREFIX_PATH}:/opt/ros/humble /usr/bin/cmake --install /root/ur_ws/build/ur_description
[1.389s] DEBUG:colcon.colcon_core.event_handler.log_command:Invoked command in '/root/ur_ws/build/ibvs_ur5' returned '0': CMAKE_PREFIX_PATH=${CMAKE_PREFIX_PATH}:/opt/ros/humble /usr/bin/cmake /root/ur_ws/src/ibvs_ur5 -DAMENT_CMAKE_SYMLINK_INSTALL=1 -DCMAKE_INSTALL_PREFIX=/root/ur_ws/install/ibvs_ur5
[1.391s] DEBUG:colcon.colcon_core.event_handler.log_command:Invoking command in '/root/ur_ws/build/ibvs_ur5': CMAKE_PREFIX_PATH=${CMAKE_PREFIX_PATH}:/opt/ros/humble /usr/bin/cmake --build /root/ur_ws/build/ibvs_ur5 -- -j4 -l4
[1.411s] DEBUG:colcon.colcon_core.event_handler.log_command:Invoked command in '/root/ur_ws/build/ibvs_ur5' returned '0': CMAKE_PREFIX_PATH=${CMAKE_PREFIX_PATH}:/opt/ros/humble /usr/bin/cmake --build /root/ur_ws/build/ibvs_ur5 -- -j4 -l4
[1.412s] DEBUG:colcon.colcon_core.event_handler.log_command:Invoking command in '/root/ur_ws/build/ibvs_ur5': CMAKE_PREFIX_PATH=${CMAKE_PREFIX_PATH}:/opt/ros/humble /usr/bin/cmake --install /root/ur_ws/build/ibvs_ur5
[1.499s] Level 1:colcon.colcon_core.environment:create_environment_scripts_only(ibvs_ur5)
[1.500s] DEBUG:colcon.colcon_core.event_handler.log_command:Invoked command in '/root/ur_ws/build/ibvs_ur5' returned '0': CMAKE_PREFIX_PATH=${CMAKE_PREFIX_PATH}:/opt/ros/humble /usr/bin/cmake --install /root/ur_ws/build/ibvs_ur5
[1.518s] Level 1:colcon.colcon_core.environment:checking '/root/ur_ws/install/ibvs_ur5' for CMake module files
[1.518s] Level 1:colcon.colcon_core.environment:checking '/root/ur_ws/install/ibvs_ur5' for CMake config files
[1.519s] Level 1:colcon.colcon_core.shell:create_environment_hook('ibvs_ur5', 'cmake_prefix_path')
[1.519s] INFO:colcon.colcon_core.shell:Creating environment hook '/root/ur_ws/install/ibvs_ur5/share/ibvs_ur5/hook/cmake_prefix_path.ps1'
[1.519s] INFO:colcon.colcon_core.shell:Creating environment descriptor '/root/ur_ws/install/ibvs_ur5/share/ibvs_ur5/hook/cmake_prefix_path.dsv'
[1.520s] INFO:colcon.colcon_core.shell:Creating environment hook '/root/ur_ws/install/ibvs_ur5/share/ibvs_ur5/hook/cmake_prefix_path.sh'
[1.521s] Level 1:colcon.colcon_core.environment:checking '/root/ur_ws/install/ibvs_ur5/bin'
[1.521s] Level 1:colcon.colcon_core.environment:checking '/root/ur_ws/install/ibvs_ur5/lib/pkgconfig/ibvs_ur5.pc'
[1.522s] Level 1:colcon.colcon_core.environment:checking '/root/ur_ws/install/ibvs_ur5/lib/python3.10/site-packages'
[1.522s] Level 1:colcon.colcon_core.environment:checking '/root/ur_ws/install/ibvs_ur5/bin'
[1.522s] INFO:colcon.colcon_core.shell:Creating package script '/root/ur_ws/install/ibvs_ur5/share/ibvs_ur5/package.ps1'
[1.523s] INFO:colcon.colcon_core.shell:Creating package descriptor '/root/ur_ws/install/ibvs_ur5/share/ibvs_ur5/package.dsv'
[1.524s] INFO:colcon.colcon_core.shell:Creating package script '/root/ur_ws/install/ibvs_ur5/share/ibvs_ur5/package.sh'
[1.524s] INFO:colcon.colcon_core.shell:Creating package script '/root/ur_ws/install/ibvs_ur5/share/ibvs_ur5/package.bash'
[1.525s] INFO:colcon.colcon_core.shell:Creating package script '/root/ur_ws/install/ibvs_ur5/share/ibvs_ur5/package.zsh'
[1.525s] Level 1:colcon.colcon_core.environment:create_file_with_runtime_dependencies(/root/ur_ws/install/ibvs_ur5/share/colcon-core/packages/ibvs_ur5)
[1.526s] Level 1:colcon.colcon_core.environment:create_environment_scripts_only(ibvs_ur5)
[1.526s] Level 1:colcon.colcon_core.environment:checking '/root/ur_ws/install/ibvs_ur5' for CMake module files
[1.526s] Level 1:colcon.colcon_core.environment:checking '/root/ur_ws/install/ibvs_ur5' for CMake config files
[1.526s] Level 1:colcon.colcon_core.shell:create_environment_hook('ibvs_ur5', 'cmake_prefix_path')
[1.526s] INFO:colcon.colcon_core.shell:Creating environment hook '/root/ur_ws/install/ibvs_ur5/share/ibvs_ur5/hook/cmake_prefix_path.ps1'
[1.527s] INFO:colcon.colcon_core.shell:Creating environment descriptor '/root/ur_ws/install/ibvs_ur5/share/ibvs_ur5/hook/cmake_prefix_path.dsv'
[1.527s] INFO:colcon.colcon_core.shell:Creating environment hook '/root/ur_ws/install/ibvs_ur5/share/ibvs_ur5/hook/cmake_prefix_path.sh'
[1.527s] Level 1:colcon.colcon_core.environment:checking '/root/ur_ws/install/ibvs_ur5/bin'
[1.527s] Level 1:colcon.colcon_core.environment:checking '/root/ur_ws/install/ibvs_ur5/lib/pkgconfig/ibvs_ur5.pc'
[1.527s] Level 1:colcon.colcon_core.environment:checking '/root/ur_ws/install/ibvs_ur5/lib/python3.10/site-packages'
[1.527s] Level 1:colcon.colcon_core.environment:checking '/root/ur_ws/install/ibvs_ur5/bin'
[1.527s] INFO:colcon.colcon_core.shell:Creating package script '/root/ur_ws/install/ibvs_ur5/share/ibvs_ur5/package.ps1'
[1.528s] INFO:colcon.colcon_core.shell:Creating package descriptor '/root/ur_ws/install/ibvs_ur5/share/ibvs_ur5/package.dsv'
[1.529s] INFO:colcon.colcon_core.shell:Creating package script '/root/ur_ws/install/ibvs_ur5/share/ibvs_ur5/package.sh'
[1.529s] INFO:colcon.colcon_core.shell:Creating package script '/root/ur_ws/install/ibvs_ur5/share/ibvs_ur5/package.bash'
[1.529s] INFO:colcon.colcon_core.shell:Creating package script '/root/ur_ws/install/ibvs_ur5/share/ibvs_ur5/package.zsh'
[1.529s] Level 1:colcon.colcon_core.environment:create_file_with_runtime_dependencies(/root/ur_ws/install/ibvs_ur5/share/colcon-core/packages/ibvs_ur5)
[2.308s] Level 1:colcon.colcon_core.environment:create_environment_scripts_only(ur_description)
[2.308s] Level 1:colcon.colcon_core.environment:checking '/root/ur_ws/install/ur_description' for CMake module files
[2.308s] DEBUG:colcon.colcon_core.event_handler.log_command:Invoked command in '/root/ur_ws/build/ur_description' returned '0': CMAKE_PREFIX_PATH=${CMAKE_PREFIX_PATH}:/opt/ros/humble /usr/bin/cmake --install /root/ur_ws/build/ur_description
[2.309s] Level 1:colcon.colcon_core.environment:checking '/root/ur_ws/install/ur_description' for CMake config files
[2.310s] Level 1:colcon.colcon_core.shell:create_environment_hook('ur_description', 'cmake_prefix_path')
[2.310s] INFO:colcon.colcon_core.shell:Creating environment hook '/root/ur_ws/install/ur_description/share/ur_description/hook/cmake_prefix_path.ps1'
[2.310s] INFO:colcon.colcon_core.shell:Creating environment descriptor '/root/ur_ws/install/ur_description/share/ur_description/hook/cmake_prefix_path.dsv'
[2.311s] INFO:colcon.colcon_core.shell:Creating environment hook '/root/ur_ws/install/ur_description/share/ur_description/hook/cmake_prefix_path.sh'
[2.311s] Level 1:colcon.colcon_core.environment:checking '/root/ur_ws/install/ur_description/bin'
[2.311s] Level 1:colcon.colcon_core.environment:checking '/root/ur_ws/install/ur_description/lib/pkgconfig/ur_description.pc'
[2.311s] Level 1:colcon.colcon_core.environment:checking '/root/ur_ws/install/ur_description/lib/python3.10/site-packages'
[2.311s] Level 1:colcon.colcon_core.environment:checking '/root/ur_ws/install/ur_description/bin'
[2.311s] INFO:colcon.colcon_core.shell:Creating package script '/root/ur_ws/install/ur_description/share/ur_description/package.ps1'
[2.312s] INFO:colcon.colcon_core.shell:Creating package descriptor '/root/ur_ws/install/ur_description/share/ur_description/package.dsv'
[2.312s] INFO:colcon.colcon_core.shell:Creating package script '/root/ur_ws/install/ur_description/share/ur_description/package.sh'
[2.312s] INFO:colcon.colcon_core.shell:Creating package script '/root/ur_ws/install/ur_description/share/ur_description/package.bash'
[2.312s] INFO:colcon.colcon_core.shell:Creating package script '/root/ur_ws/install/ur_description/share/ur_description/package.zsh'
[2.312s] Level 1:colcon.colcon_core.environment:create_file_with_runtime_dependencies(/root/ur_ws/install/ur_description/share/colcon-core/packages/ur_description)
[2.313s] Level 1:colcon.colcon_core.environment:create_environment_scripts_only(ur_description)
[2.313s] Level 1:colcon.colcon_core.environment:checking '/root/ur_ws/install/ur_description' for CMake module files
[2.313s] Level 1:colcon.colcon_core.environment:checking '/root/ur_ws/install/ur_description' for CMake config files
[2.314s] Level 1:colcon.colcon_core.shell:create_environment_hook('ur_description', 'cmake_prefix_path')
[2.314s] INFO:colcon.colcon_core.shell:Creating environment hook '/root/ur_ws/install/ur_description/share/ur_description/hook/cmake_prefix_path.ps1'
[2.314s] INFO:colcon.colcon_core.shell:Creating environment descriptor '/root/ur_ws/install/ur_description/share/ur_description/hook/cmake_prefix_path.dsv'
[2.314s] INFO:colcon.colcon_core.shell:Creating environment hook '/root/ur_ws/install/ur_description/share/ur_description/hook/cmake_prefix_path.sh'
[2.315s] Level 1:colcon.colcon_core.environment:checking '/root/ur_ws/install/ur_description/bin'
[2.315s] Level 1:colcon.colcon_core.environment:checking '/root/ur_ws/install/ur_description/lib/pkgconfig/ur_description.pc'
[2.315s] Level 1:colcon.colcon_core.environment:checking '/root/ur_ws/install/ur_description/lib/python3.10/site-packages'
[2.315s] Level 1:colcon.colcon_core.environment:checking '/root/ur_ws/install/ur_description/bin'
[2.315s] INFO:colcon.colcon_core.shell:Creating package script '/root/ur_ws/install/ur_description/share/ur_description/package.ps1'
[2.315s] INFO:colcon.colcon_core.shell:Creating package descriptor '/root/ur_ws/install/ur_description/share/ur_description/package.dsv'
[2.316s] INFO:colcon.colcon_core.shell:Creating package script '/root/ur_ws/install/ur_description/share/ur_description/package.sh'
[2.316s] INFO:colcon.colcon_core.shell:Creating package script '/root/ur_ws/install/ur_description/share/ur_description/package.bash'
[2.316s] INFO:colcon.colcon_core.shell:Creating package script '/root/ur_ws/install/ur_description/share/ur_description/package.zsh'
[2.316s] Level 1:colcon.colcon_core.environment:create_file_with_runtime_dependencies(/root/ur_ws/install/ur_description/share/colcon-core/packages/ur_description)
[2.316s] DEBUG:colcon.colcon_parallel_executor.executor.parallel:closing loop
[2.316s] DEBUG:colcon.colcon_parallel_executor.executor.parallel:loop closed
[2.316s] DEBUG:colcon.colcon_parallel_executor.executor.parallel:run_until_complete finished with '0'
[2.316s] DEBUG:colcon.colcon_core.event_reactor:joining thread
[2.333s] INFO:colcon.colcon_core.plugin_system:Skipping extension 'colcon_notification.desktop_notification.notify_send': Could not find 'notify-send'
[2.334s] INFO:colcon.colcon_core.plugin_system:Skipping extension 'colcon_notification.desktop_notification.terminal_notifier': Not used on non-Darwin systems
[2.334s] INFO:colcon.colcon_core.plugin_system:Skipping extension 'colcon_notification.desktop_notification.win32': Not used on non-Windows systems
[2.334s] INFO:colcon.colcon_notification.desktop_notification:Sending desktop notification using 'notify2'
[2.335s] DEBUG:colcon.colcon_notification.desktop_notification.notify2:Failed to initialize notify2: org.freedesktop.DBus.Error.Spawn.ExecFailed: /usr/bin/dbus-launch terminated abnormally without any error message
[2.336s] DEBUG:colcon.colcon_core.event_reactor:joined thread
[2.336s] INFO:colcon.colcon_core.shell:Creating prefix script '/root/ur_ws/install/local_setup.ps1'
[2.337s] INFO:colcon.colcon_core.shell:Creating prefix util module '/root/ur_ws/install/_local_setup_util_ps1.py'
[2.338s] INFO:colcon.colcon_core.shell:Creating prefix chain script '/root/ur_ws/install/setup.ps1'
[2.338s] INFO:colcon.colcon_core.shell:Creating prefix script '/root/ur_ws/install/local_setup.sh'
[2.339s] INFO:colcon.colcon_core.shell:Creating prefix util module '/root/ur_ws/install/_local_setup_util_sh.py'
[2.339s] INFO:colcon.colcon_core.shell:Creating prefix chain script '/root/ur_ws/install/setup.sh'
[2.340s] INFO:colcon.colcon_core.shell:Creating prefix script '/root/ur_ws/install/local_setup.bash'
[2.341s] INFO:colcon.colcon_core.shell:Creating prefix chain script '/root/ur_ws/install/setup.bash'
[2.341s] INFO:colcon.colcon_core.shell:Creating prefix script '/root/ur_ws/install/local_setup.zsh'
[2.342s] INFO:colcon.colcon_core.shell:Creating prefix chain script '/root/ur_ws/install/setup.zsh'
