-- The C compiler identification is GNU 11.4.0
-- The CXX compiler identification is GNU 11.4.0
-- Detecting C compiler ABI info
-- Detecting C compiler ABI info - done
-- Check for working C compiler: /usr/bin/cc - skipped
-- Detecting C compile features
-- Detecting C compile features - done
-- Detecting CXX compiler ABI info
-- Detecting CXX compiler ABI info - done
-- Check for working CXX compiler: /usr/bin/c++ - skipped
-- Detecting CXX compile features
-- Detecting CXX compile features - done
-- Found ament_cmake: 1.3.14 (/opt/ros/humble/share/ament_cmake/cmake)
-- Found Python3: /usr/bin/python3 (found version "3.10.12") found components: Interpreter 
-- Override CMake install command with custom implementation using symlinks instead of copying resources
-- Found rclcpp: 16.0.19 (/opt/ros/humble/share/rclcpp/cmake)
-- Found rosidl_generator_c: 3.1.8 (/opt/ros/humble/share/rosidl_generator_c/cmake)
-- Found rosidl_adapter: 3.1.8 (/opt/ros/humble/share/rosidl_adapter/cmake)
-- Found rosidl_generator_cpp: 3.1.8 (/opt/ros/humble/share/rosidl_generator_cpp/cmake)
-- Using all available rosidl_typesupport_c: rosidl_typesupport_fastrtps_c;rosidl_typesupport_introspection_c
-- Using all available rosidl_typesupport_cpp: rosidl_typesupport_fastrtps_cpp;rosidl_typesupport_introspection_cpp
-- Found rmw_implementation_cmake: 6.1.2 (/opt/ros/humble/share/rmw_implementation_cmake/cmake)
-- Found rmw_fastrtps_cpp: 6.2.10 (/opt/ros/humble/share/rmw_fastrtps_cpp/cmake)
-- Found OpenSSL: /usr/lib/x86_64-linux-gnu/libcrypto.so (found version "3.0.2")  
-- Found FastRTPS: /opt/ros/humble/include  
-- Using RMW implementation 'rmw_fastrtps_cpp' as default
-- Looking for pthread.h
-- Looking for pthread.h - found
-- Performing Test CMAKE_HAVE_LIBC_PTHREAD
-- Performing Test CMAKE_HAVE_LIBC_PTHREAD - Success
-- Found Threads: TRUE  
-- Found sensor_msgs: 4.9.1 (/opt/ros/humble/share/sensor_msgs/cmake)
-- Found tf2: 0.25.20 (/opt/ros/humble/share/tf2/cmake)
-- Configuring done
-- Generating done
-- Build files have been written to: /root/ur_ws/build/ibvs_ur5
-- Install configuration: ""
-- Execute custom install script
-- Symlinking: /root/ur_ws/install/ibvs_ur5/share/ibvs_ur5/launch/gazebo_ur5.launch.py
-- Symlinking: /root/ur_ws/install/ibvs_ur5/share/ibvs_ur5/config/ur5_controllers.yaml
-- Symlinking: /root/ur_ws/install/ibvs_ur5/share/ibvs_ur5/urdf/ur5_gazebo.xacro
-- Symlinking: /root/ur_ws/install/ibvs_ur5/share/ament_index/resource_index/package_run_dependencies/ibvs_ur5
-- Symlinking: /root/ur_ws/install/ibvs_ur5/share/ament_index/resource_index/parent_prefix_path/ibvs_ur5
-- Symlinking: /root/ur_ws/install/ibvs_ur5/share/ibvs_ur5/environment/ament_prefix_path.sh
-- Symlinking: /root/ur_ws/install/ibvs_ur5/share/ibvs_ur5/environment/ament_prefix_path.dsv
-- Symlinking: /root/ur_ws/install/ibvs_ur5/share/ibvs_ur5/environment/path.sh
-- Symlinking: /root/ur_ws/install/ibvs_ur5/share/ibvs_ur5/environment/path.dsv
-- Symlinking: /root/ur_ws/install/ibvs_ur5/share/ibvs_ur5/local_setup.bash
-- Symlinking: /root/ur_ws/install/ibvs_ur5/share/ibvs_ur5/local_setup.sh
-- Symlinking: /root/ur_ws/install/ibvs_ur5/share/ibvs_ur5/local_setup.zsh
-- Symlinking: /root/ur_ws/install/ibvs_ur5/share/ibvs_ur5/local_setup.dsv
-- Symlinking: /root/ur_ws/install/ibvs_ur5/share/ibvs_ur5/package.dsv
-- Symlinking: /root/ur_ws/install/ibvs_ur5/share/ament_index/resource_index/packages/ibvs_ur5
-- Symlinking: /root/ur_ws/install/ibvs_ur5/share/ibvs_ur5/cmake/ibvs_ur5Config.cmake
-- Symlinking: /root/ur_ws/install/ibvs_ur5/share/ibvs_ur5/cmake/ibvs_ur5Config-version.cmake
-- Symlinking: /root/ur_ws/install/ibvs_ur5/share/ibvs_ur5/package.xml
