[0.019s] Invoking command in '/root/ur_ws/build/ibvs_ur5': CMAKE_PREFIX_PATH=${CMAKE_PREFIX_PATH}:/opt/ros/humble /usr/bin/cmake /root/ur_ws/src/ibvs_ur5 -DAMENT_CMAKE_SYMLINK_INSTALL=1 -DCMAKE_INSTALL_PREFIX=/root/ur_ws/install/ibvs_ur5
[0.151s] -- The C compiler identification is GNU 11.4.0
[0.236s] -- The CXX compiler identification is GNU 11.4.0
[0.244s] -- Detecting C compiler ABI info
[0.288s] -- Detecting C compiler ABI info - done
[0.291s] -- Check for working C compiler: /usr/bin/cc - skipped
[0.292s] -- Detecting C compile features
[0.293s] -- Detecting C compile features - done
[0.295s] -- Detecting CXX compiler ABI info
[0.339s] -- Detecting CXX compiler ABI info - done
[0.343s] -- Check for working CXX compiler: /usr/bin/c++ - skipped
[0.343s] -- Detecting CXX compile features
[0.343s] -- Detecting CXX compile features - done
[0.348s] -- Found ament_cmake: 1.3.14 (/opt/ros/humble/share/ament_cmake/cmake)
[0.432s] -- Found Python3: /usr/bin/python3 (found version "3.10.12") found components: Interpreter 
[0.473s] -- Override CMake install command with custom implementation using symlinks instead of copying resources
[0.514s] -- Found rclcpp: 16.0.19 (/opt/ros/humble/share/rclcpp/cmake)
[0.565s] -- Found rosidl_generator_c: 3.1.8 (/opt/ros/humble/share/rosidl_generator_c/cmake)
[0.569s] -- Found rosidl_adapter: 3.1.8 (/opt/ros/humble/share/rosidl_adapter/cmake)
[0.580s] -- Found rosidl_generator_cpp: 3.1.8 (/opt/ros/humble/share/rosidl_generator_cpp/cmake)
[0.593s] -- Using all available rosidl_typesupport_c: rosidl_typesupport_fastrtps_c;rosidl_typesupport_introspection_c
[0.611s] -- Using all available rosidl_typesupport_cpp: rosidl_typesupport_fastrtps_cpp;rosidl_typesupport_introspection_cpp
[0.661s] -- Found rmw_implementation_cmake: 6.1.2 (/opt/ros/humble/share/rmw_implementation_cmake/cmake)
[0.665s] -- Found rmw_fastrtps_cpp: 6.2.10 (/opt/ros/humble/share/rmw_fastrtps_cpp/cmake)
[0.735s] -- Found OpenSSL: /usr/lib/x86_64-linux-gnu/libcrypto.so (found version "3.0.2")  
[0.755s] -- Found FastRTPS: /opt/ros/humble/include  
[0.780s] -- Using RMW implementation 'rmw_fastrtps_cpp' as default
[0.790s] -- Looking for pthread.h
[0.841s] -- Looking for pthread.h - found
[0.841s] -- Performing Test CMAKE_HAVE_LIBC_PTHREAD
[0.882s] -- Performing Test CMAKE_HAVE_LIBC_PTHREAD - Success
[0.883s] -- Found Threads: TRUE  
[0.937s] -- Found sensor_msgs: 4.9.1 (/opt/ros/humble/share/sensor_msgs/cmake)
[0.970s] -- Found tf2: 0.25.20 (/opt/ros/humble/share/tf2/cmake)
[1.015s] -- Configuring done
[1.018s] -- Generating done
[1.019s] -- Build files have been written to: /root/ur_ws/build/ibvs_ur5
[1.024s] Invoked command in '/root/ur_ws/build/ibvs_ur5' returned '0': CMAKE_PREFIX_PATH=${CMAKE_PREFIX_PATH}:/opt/ros/humble /usr/bin/cmake /root/ur_ws/src/ibvs_ur5 -DAMENT_CMAKE_SYMLINK_INSTALL=1 -DCMAKE_INSTALL_PREFIX=/root/ur_ws/install/ibvs_ur5
[1.025s] Invoking command in '/root/ur_ws/build/ibvs_ur5': CMAKE_PREFIX_PATH=${CMAKE_PREFIX_PATH}:/opt/ros/humble /usr/bin/cmake --build /root/ur_ws/build/ibvs_ur5 -- -j4 -l4
[1.046s] Invoked command in '/root/ur_ws/build/ibvs_ur5' returned '0': CMAKE_PREFIX_PATH=${CMAKE_PREFIX_PATH}:/opt/ros/humble /usr/bin/cmake --build /root/ur_ws/build/ibvs_ur5 -- -j4 -l4
[1.047s] Invoking command in '/root/ur_ws/build/ibvs_ur5': CMAKE_PREFIX_PATH=${CMAKE_PREFIX_PATH}:/opt/ros/humble /usr/bin/cmake --install /root/ur_ws/build/ibvs_ur5
[1.050s] -- Install configuration: ""
[1.050s] -- Execute custom install script
[1.051s] -- Symlinking: /root/ur_ws/install/ibvs_ur5/share/ibvs_ur5/launch/gazebo_ur5.launch.py
[1.056s] -- Symlinking: /root/ur_ws/install/ibvs_ur5/share/ibvs_ur5/config/ur5_controllers.yaml
[1.060s] -- Symlinking: /root/ur_ws/install/ibvs_ur5/share/ibvs_ur5/urdf/ur5_gazebo.xacro
[1.065s] -- Symlinking: /root/ur_ws/install/ibvs_ur5/share/ament_index/resource_index/package_run_dependencies/ibvs_ur5
[1.069s] -- Symlinking: /root/ur_ws/install/ibvs_ur5/share/ament_index/resource_index/parent_prefix_path/ibvs_ur5
[1.073s] -- Symlinking: /root/ur_ws/install/ibvs_ur5/share/ibvs_ur5/environment/ament_prefix_path.sh
[1.078s] -- Symlinking: /root/ur_ws/install/ibvs_ur5/share/ibvs_ur5/environment/ament_prefix_path.dsv
[1.082s] -- Symlinking: /root/ur_ws/install/ibvs_ur5/share/ibvs_ur5/environment/path.sh
[1.086s] -- Symlinking: /root/ur_ws/install/ibvs_ur5/share/ibvs_ur5/environment/path.dsv
[1.090s] -- Symlinking: /root/ur_ws/install/ibvs_ur5/share/ibvs_ur5/local_setup.bash
[1.094s] -- Symlinking: /root/ur_ws/install/ibvs_ur5/share/ibvs_ur5/local_setup.sh
[1.098s] -- Symlinking: /root/ur_ws/install/ibvs_ur5/share/ibvs_ur5/local_setup.zsh
[1.102s] -- Symlinking: /root/ur_ws/install/ibvs_ur5/share/ibvs_ur5/local_setup.dsv
[1.109s] -- Symlinking: /root/ur_ws/install/ibvs_ur5/share/ibvs_ur5/package.dsv
[1.114s] -- Symlinking: /root/ur_ws/install/ibvs_ur5/share/ament_index/resource_index/packages/ibvs_ur5
[1.118s] -- Symlinking: /root/ur_ws/install/ibvs_ur5/share/ibvs_ur5/cmake/ibvs_ur5Config.cmake
[1.123s] -- Symlinking: /root/ur_ws/install/ibvs_ur5/share/ibvs_ur5/cmake/ibvs_ur5Config-version.cmake
[1.128s] -- Symlinking: /root/ur_ws/install/ibvs_ur5/share/ibvs_ur5/package.xml
[1.134s] Invoked command in '/root/ur_ws/build/ibvs_ur5' returned '0': CMAKE_PREFIX_PATH=${CMAKE_PREFIX_PATH}:/opt/ros/humble /usr/bin/cmake --install /root/ur_ws/build/ibvs_ur5
